<?xml version="1.0" encoding="UTF-8"?>
<!-- Generated by org.testng.reporters.JUnitReportReporter -->
<testsuite skipped="0" hostname="Veerakumar" name="com.crm.qa.testcases.ContactsPageTest" tests="2" failures="0" timestamp="28 Jun 2022 13:45:02 GMT" time="117.303" errors="0">
  <testcase name="validateAddContacts" time="43.891" classname="com.crm.qa.testcases.ContactsPageTest"/>
  <testcase name="validateAddContacts" time="73.412" classname="com.crm.qa.testcases.ContactsPageTest"/>
</testsuite> <!-- com.crm.qa.testcases.ContactsPageTest -->
