<?xml version="1.0" encoding="UTF-8"?>
<!-- Generated by org.testng.reporters.JUnitReportReporter -->
<testsuite skipped="0" hostname="Veerakumar" name="com.crm.qa.testcases.HomePageTest" tests="2" failures="0" timestamp="28 Jun 2022 07:47:09 GMT" time="46.808" errors="0">
  <testcase name="verifyTitle" time="17.095" classname="com.crm.qa.testcases.HomePageTest"/>
  <testcase name="goToContactsPage" time="29.713" classname="com.crm.qa.testcases.HomePageTest"/>
</testsuite> <!-- com.crm.qa.testcases.HomePageTest -->
