<?xml version="1.0" encoding="UTF-8"?>
<!-- Generated by org.testng.reporters.JUnitReportReporter -->
<testsuite skipped="0" hostname="Veerakumar" name="com.crm.qa.testcases.LoginPageTest" tests="1" failures="0" timestamp="28 Jun 2022 14:21:46 GMT" time="52.050" errors="0">
  <testcase name="login" time="52.050" classname="com.crm.qa.testcases.LoginPageTest"/>
</testsuite> <!-- com.crm.qa.testcases.LoginPageTest -->
